<?xml version="1.0" encoding="UTF-8"?>
<!-- Generated by org.testng.reporters.JUnitXMLReporter -->
<testsuite hostname="L-ILB-VADAKATTU" ignored="0" name="Test1" tests="4" failures="1" timestamp="2020-06-15T13:15:16 IST" time="61.009" errors="0">
  <testcase name="t1Google" time="4.012" classname="toDelete.BStack_test1">
    <failure type="java.lang.AssertionError" message="did not expect to find [true] but found [false]">
      <![CDATA[java.lang.AssertionError: did not expect to find [true] but found [false]
at toDelete.BStack_test1.t1Google(BStack_test1.java:62)
at java.util.ArrayList.forEach(Unknown Source)
... Removed 31 stack frames]]>
    </failure>
  </testcase> <!-- t1Google -->
  <testcase name="t2FB" time="11.485" classname="toDelete.BStack_test1"/>
  <testcase name="t1Insta" time="4.203" classname="toDelete.BStack_test2"/>
  <testcase name="t2Whatsapp" time="3.683" classname="toDelete.BStack_test2"/>
</testsuite> <!-- Test1 -->
