<?xml version="1.0" encoding="UTF-8"?>
<!-- Generated by org.testng.reporters.JUnitXMLReporter -->
<testsuite hostname="L-ILB-VADAKATTU" ignored="0" name="Test1" tests="4" failures="0" timestamp="2020-06-15T13:29:43 IST" time="59.375" errors="0">
  <testcase name="t1Google" time="3.726" classname="toDelete.BStack_test1"/>
  <testcase name="t2FB" time="9.823" classname="toDelete.BStack_test1"/>
  <testcase name="t1Insta" time="4.577" classname="toDelete.BStack_test2"/>
  <testcase name="t2Whatsapp" time="3.432" classname="toDelete.BStack_test2"/>
</testsuite> <!-- Test1 -->
