<?xml version="1.0" encoding="UTF-8"?>
<!-- Generated by org.testng.reporters.JUnitXMLReporter -->
<testsuite hostname="L-ILB-VADAKATTU" ignored="0" name="Test1" tests="4" failures="1" timestamp="2020-06-14T19:54:21 IST" time="58.667" errors="0">
  <testcase name="t1Google" time="3.75" classname="toDelete.BStack_test1"/>
  <testcase name="t2FB" time="9.684" classname="toDelete.BStack_test1"/>
  <testcase name="t1Insta" time="3.931" classname="toDelete.BStack_test2"/>
  <testcase name="t2Twitter" time="3.795" classname="toDelete.BStack_test2">
    <failure type="java.lang.AssertionError" message="did not expect to find [true] but found [false]">
      <![CDATA[java.lang.AssertionError: did not expect to find [true] but found [false]
at toDelete.BStack_test2.t2Twitter(BStack_test2.java:67)
at java.util.ArrayList.forEach(ArrayList.java:1257)
... Removed 35 stack frames]]>
    </failure>
  </testcase> <!-- t2Twitter -->
</testsuite> <!-- Test1 -->
