<?xml version="1.0" encoding="UTF-8"?>
<testng-results skipped="0" failed="0" ignored="0" total="4" passed="4">
  <reporter-output>
  </reporter-output>
  <suite name="Suite" duration-ms="65305" started-at="2020-06-15T13:17:26 IST" finished-at="2020-06-15T13:18:31 IST">
    <groups>
    </groups>
    <test name="Test1" duration-ms="65305" started-at="2020-06-15T13:17:26 IST" finished-at="2020-06-15T13:18:31 IST">
      <class name="toDelete.BStack_test2">
        <test-method status="PASS" signature="bf()[pri:0, instance:toDelete.BStack_test2@25bbe1b6]" name="bf" is-config="true" duration-ms="27356" started-at="2020-06-15T13:17:54 IST" finished-at="2020-06-15T13:18:22 IST">
          <reporter-output>
          </reporter-output>
        </test-method> <!-- bf -->
        <test-method status="PASS" signature="t1Insta()[pri:0, instance:toDelete.BStack_test2@25bbe1b6]" name="t1Insta" duration-ms="3909" started-at="2020-06-15T13:18:22 IST" finished-at="2020-06-15T13:18:25 IST">
          <reporter-output>
          </reporter-output>
        </test-method> <!-- t1Insta -->
        <test-method status="PASS" signature="getResult(org.testng.ITestResult)[pri:0, instance:toDelete.BStack_test2@25bbe1b6]" name="getResult" is-config="true" duration-ms="86" started-at="2020-06-15T13:18:25 IST" finished-at="2020-06-15T13:18:26 IST">
          <params>
            <param index="0">
              <value>
                <![CDATA[[TestResult name=t1Insta status=SUCCESS method=BStack_test2.t1Insta()[pri:0, instance:toDelete.BStack_test2@25bbe1b6] output={null}]]]>
              </value>
            </param>
          </params>
          <reporter-output>
          </reporter-output>
        </test-method> <!-- getResult -->
        <test-method status="PASS" signature="t2Whatsapp()[pri:0, instance:toDelete.BStack_test2@25bbe1b6]" name="t2Whatsapp" duration-ms="3360" started-at="2020-06-15T13:18:26 IST" finished-at="2020-06-15T13:18:29 IST">
          <reporter-output>
          </reporter-output>
        </test-method> <!-- t2Whatsapp -->
        <test-method status="PASS" signature="getResult(org.testng.ITestResult)[pri:0, instance:toDelete.BStack_test2@25bbe1b6]" name="getResult" is-config="true" duration-ms="28" started-at="2020-06-15T13:18:29 IST" finished-at="2020-06-15T13:18:29 IST">
          <params>
            <param index="0">
              <value>
                <![CDATA[[TestResult name=t2Whatsapp status=SUCCESS method=BStack_test2.t2Whatsapp()[pri:0, instance:toDelete.BStack_test2@25bbe1b6] output={null}]]]>
              </value>
            </param>
          </params>
          <reporter-output>
          </reporter-output>
        </test-method> <!-- getResult -->
        <test-method status="PASS" signature="af()[pri:0, instance:toDelete.BStack_test2@25bbe1b6]" name="af" is-config="true" duration-ms="2091" started-at="2020-06-15T13:18:29 IST" finished-at="2020-06-15T13:18:31 IST">
          <reporter-output>
          </reporter-output>
        </test-method> <!-- af -->
      </class> <!-- toDelete.BStack_test2 -->
      <class name="toDelete.BStack_test1">
        <test-method status="PASS" signature="bf()[pri:0, instance:toDelete.BStack_test1@ff5b51f]" name="bf" is-config="true" duration-ms="9284" started-at="2020-06-15T13:17:26 IST" finished-at="2020-06-15T13:17:35 IST">
          <reporter-output>
          </reporter-output>
        </test-method> <!-- bf -->
        <test-method status="PASS" signature="t1Google()[pri:0, instance:toDelete.BStack_test1@ff5b51f]" name="t1Google" duration-ms="3924" started-at="2020-06-15T13:17:35 IST" finished-at="2020-06-15T13:17:39 IST">
          <reporter-output>
          </reporter-output>
        </test-method> <!-- t1Google -->
        <test-method status="PASS" signature="getResult(org.testng.ITestResult)[pri:0, instance:toDelete.BStack_test1@ff5b51f]" name="getResult" is-config="true" duration-ms="273" started-at="2020-06-15T13:17:39 IST" finished-at="2020-06-15T13:17:39 IST">
          <params>
            <param index="0">
              <value>
                <![CDATA[[TestResult name=t1Google status=SUCCESS method=BStack_test1.t1Google()[pri:0, instance:toDelete.BStack_test1@ff5b51f] output={null}]]]>
              </value>
            </param>
          </params>
          <reporter-output>
          </reporter-output>
        </test-method> <!-- getResult -->
        <test-method status="PASS" signature="t2FB()[pri:0, instance:toDelete.BStack_test1@ff5b51f]" name="t2FB" duration-ms="12967" started-at="2020-06-15T13:17:39 IST" finished-at="2020-06-15T13:17:52 IST">
          <reporter-output>
          </reporter-output>
        </test-method> <!-- t2FB -->
        <test-method status="PASS" signature="getResult(org.testng.ITestResult)[pri:0, instance:toDelete.BStack_test1@ff5b51f]" name="getResult" is-config="true" duration-ms="41" started-at="2020-06-15T13:17:52 IST" finished-at="2020-06-15T13:17:52 IST">
          <params>
            <param index="0">
              <value>
                <![CDATA[[TestResult name=t2FB status=SUCCESS method=BStack_test1.t2FB()[pri:0, instance:toDelete.BStack_test1@ff5b51f] output={null}]]]>
              </value>
            </param>
          </params>
          <reporter-output>
          </reporter-output>
        </test-method> <!-- getResult -->
        <test-method status="PASS" signature="af()[pri:0, instance:toDelete.BStack_test1@ff5b51f]" name="af" is-config="true" duration-ms="1937" started-at="2020-06-15T13:17:52 IST" finished-at="2020-06-15T13:17:54 IST">
          <reporter-output>
          </reporter-output>
        </test-method> <!-- af -->
      </class> <!-- toDelete.BStack_test1 -->
    </test> <!-- Test1 -->
  </suite> <!-- Suite -->
</testng-results>
