<?xml version="1.0" encoding="UTF-8"?>
<testsuite xmlns:xsi="http://www.w3.org/2001/XMLSchema-instance" xsi:noNamespaceSchemaLocation="https://maven.apache.org/surefire/maven-surefire-plugin/xsd/surefire-test-report-3.0.xsd" version="3.0" name="TestSuite" time="62.491" tests="4" errors="0" skipped="0" failures="1">
  <properties>
[...]
</properties>
  <testcase name="t1Google" classname="toDelete.BStack_test1" time="4.216">
    <failure message="did not expect to find [true] but found [false]" type="java.lang.AssertionError"><![CDATA[java.lang.AssertionError: did not expect to find [true] but found [false]
	at toDelete.BStack_test1.t1Google(BStack_test1.java:61)
]]></failure>
    <system-out><![CDATA[15_06_2020_13_02_24
]]></system-out>
    <system-err><![CDATA[Jun 15, 2020 1:02:44 PM org.openqa.selenium.remote.ProtocolHandshake createSession
INFO: Detected dialect: OSS
Jun 15, 2020 1:02:49 PM com.relevantcodes.extentreports.Configuration <init>
INFO: Configurating report from file:/C:/Users/Vaadakattu.raviteja/.m2/repository/com/relevantcodes/extentreports/2.40/extentreports-2.40.jar!/com/relevantcodes/extentreports/resources/extent-config.xml
]]></system-err>
  </testcase>
  <testcase name="t2FB" classname="toDelete.BStack_test1" time="10.145"/>
  <testcase name="t1Insta" classname="toDelete.BStack_test2" time="3.368"/>
  <testcase name="t2Whatsapp" classname="toDelete.BStack_test2" time="3.557"/>
</testsuite>