-------------------------------------------------------------------------------
Test set: TestSuite
-------------------------------------------------------------------------------
Tests run: 4, Failures: 1, Errors: 0, Skipped: 0, Time elapsed: 62.491 s <<< FAILURE! - in TestSuite
toDelete.BStack_test1.t1Google  Time elapsed: 4.216 s  <<< FAILURE!
java.lang.AssertionError: did not expect to find [true] but found [false]
	at toDelete.BStack_test1.t1Google(BStack_test1.java:61)

