<?xml version="1.0" encoding="UTF-8"?>
<testng-results skipped="0" failed="0" ignored="0" total="4" passed="4">
  <reporter-output>
  </reporter-output>
  <suite name="Suite" duration-ms="66971" started-at="2020-06-15T13:37:29 IST" finished-at="2020-06-15T13:38:36 IST">
    <groups>
    </groups>
    <test name="Test1" duration-ms="66971" started-at="2020-06-15T13:37:29 IST" finished-at="2020-06-15T13:38:36 IST">
      <class name="toDelete.BStack_test2">
        <test-method status="PASS" signature="bf()[pri:0, instance:toDelete.BStack_test2@6c49835d]" name="bf" is-config="true" duration-ms="23004" started-at="2020-06-15T13:38:03 IST" finished-at="2020-06-15T13:38:26 IST">
          <reporter-output>
          </reporter-output>
        </test-method> <!-- bf -->
        <test-method status="PASS" signature="t1Insta()[pri:0, instance:toDelete.BStack_test2@6c49835d]" name="t1Insta" duration-ms="3916" started-at="2020-06-15T13:38:26 IST" finished-at="2020-06-15T13:38:30 IST">
          <reporter-output>
          </reporter-output>
        </test-method> <!-- t1Insta -->
        <test-method status="PASS" signature="getResult(org.testng.ITestResult)[pri:0, instance:toDelete.BStack_test2@6c49835d]" name="getResult" is-config="true" duration-ms="85" started-at="2020-06-15T13:38:30 IST" finished-at="2020-06-15T13:38:30 IST">
          <params>
            <param index="0">
              <value>
                <![CDATA[[TestResult name=t1Insta status=SUCCESS method=BStack_test2.t1Insta()[pri:0, instance:toDelete.BStack_test2@6c49835d] output={null}]]]>
              </value>
            </param>
          </params>
          <reporter-output>
          </reporter-output>
        </test-method> <!-- getResult -->
        <test-method status="PASS" signature="t2Whatsapp()[pri:0, instance:toDelete.BStack_test2@6c49835d]" name="t2Whatsapp" duration-ms="3547" started-at="2020-06-15T13:38:30 IST" finished-at="2020-06-15T13:38:34 IST">
          <reporter-output>
          </reporter-output>
        </test-method> <!-- t2Whatsapp -->
        <test-method status="PASS" signature="getResult(org.testng.ITestResult)[pri:0, instance:toDelete.BStack_test2@6c49835d]" name="getResult" is-config="true" duration-ms="61" started-at="2020-06-15T13:38:34 IST" finished-at="2020-06-15T13:38:34 IST">
          <params>
            <param index="0">
              <value>
                <![CDATA[[TestResult name=t2Whatsapp status=SUCCESS method=BStack_test2.t2Whatsapp()[pri:0, instance:toDelete.BStack_test2@6c49835d] output={null}]]]>
              </value>
            </param>
          </params>
          <reporter-output>
          </reporter-output>
        </test-method> <!-- getResult -->
        <test-method status="PASS" signature="af()[pri:0, instance:toDelete.BStack_test2@6c49835d]" name="af" is-config="true" duration-ms="2010" started-at="2020-06-15T13:38:34 IST" finished-at="2020-06-15T13:38:36 IST">
          <reporter-output>
          </reporter-output>
        </test-method> <!-- af -->
      </class> <!-- toDelete.BStack_test2 -->
      <class name="toDelete.BStack_test1">
        <test-method status="PASS" signature="bf()[pri:0, instance:toDelete.BStack_test1@5a8806ef]" name="bf" is-config="true" duration-ms="17344" started-at="2020-06-15T13:37:29 IST" finished-at="2020-06-15T13:37:46 IST">
          <reporter-output>
          </reporter-output>
        </test-method> <!-- bf -->
        <test-method status="PASS" signature="t1Google()[pri:0, instance:toDelete.BStack_test1@5a8806ef]" name="t1Google" duration-ms="4149" started-at="2020-06-15T13:37:47 IST" finished-at="2020-06-15T13:37:51 IST">
          <reporter-output>
          </reporter-output>
        </test-method> <!-- t1Google -->
        <test-method status="PASS" signature="getResult(org.testng.ITestResult)[pri:0, instance:toDelete.BStack_test1@5a8806ef]" name="getResult" is-config="true" duration-ms="251" started-at="2020-06-15T13:37:51 IST" finished-at="2020-06-15T13:37:51 IST">
          <params>
            <param index="0">
              <value>
                <![CDATA[[TestResult name=t1Google status=SUCCESS method=BStack_test1.t1Google()[pri:0, instance:toDelete.BStack_test1@5a8806ef] output={null}]]]>
              </value>
            </param>
          </params>
          <reporter-output>
          </reporter-output>
        </test-method> <!-- getResult -->
        <test-method status="PASS" signature="t2FB()[pri:0, instance:toDelete.BStack_test1@5a8806ef]" name="t2FB" duration-ms="10785" started-at="2020-06-15T13:37:51 IST" finished-at="2020-06-15T13:38:02 IST">
          <reporter-output>
          </reporter-output>
        </test-method> <!-- t2FB -->
        <test-method status="PASS" signature="getResult(org.testng.ITestResult)[pri:0, instance:toDelete.BStack_test1@5a8806ef]" name="getResult" is-config="true" duration-ms="81" started-at="2020-06-15T13:38:02 IST" finished-at="2020-06-15T13:38:02 IST">
          <params>
            <param index="0">
              <value>
                <![CDATA[[TestResult name=t2FB status=SUCCESS method=BStack_test1.t2FB()[pri:0, instance:toDelete.BStack_test1@5a8806ef] output={null}]]]>
              </value>
            </param>
          </params>
          <reporter-output>
          </reporter-output>
        </test-method> <!-- getResult -->
        <test-method status="PASS" signature="af()[pri:0, instance:toDelete.BStack_test1@5a8806ef]" name="af" is-config="true" duration-ms="1671" started-at="2020-06-15T13:38:02 IST" finished-at="2020-06-15T13:38:03 IST">
          <reporter-output>
          </reporter-output>
        </test-method> <!-- af -->
      </class> <!-- toDelete.BStack_test1 -->
    </test> <!-- Test1 -->
  </suite> <!-- Suite -->
</testng-results>
